[INFO] Scanning for projects...
[INFO] 
[INFO] ---------------------< com.rohan:spring-boot-rest >---------------------
[INFO] Building spring-boot-rest 0.0.1-SNAPSHOT
[INFO]   from pom.xml
[INFO] --------------------------------[ jar ]---------------------------------
[INFO] 
[INFO] >>> spring-boot:3.4.12:run (default-cli) > test-compile @ spring-boot-rest >>>
[INFO] 
[INFO] --- resources:3.3.1:resources (default-resources) @ spring-boot-rest ---
[INFO] Copying 1 resource from src\main\resources to target\classes
[INFO] Copying 0 resource from src\main\resources to target\classes
[INFO] 
[INFO] --- compiler:3.13.0:compile (default-compile) @ spring-boot-rest ---
[INFO] Nothing to compile - all classes are up to date.
[INFO] 
[INFO] --- resources:3.3.1:testResources (default-testResources) @ spring-boot-rest ---
[INFO] skip non existing resourceDirectory C:\Users\Rohan Pathak\OneDrive\Desktop\GITPRACTICE\project\JobPortalFolder\Backend\spring-boot-rest\spring-boot-rest\src\test\resources
[INFO] 
[INFO] --- compiler:3.13.0:testCompile (default-testCompile) @ spring-boot-rest ---
[INFO] Nothing to compile - all classes are up to date.
[INFO] 
[INFO] <<< spring-boot:3.4.12:run (default-cli) < test-compile @ spring-boot-rest <<<
[INFO] 
[INFO] 
[INFO] --- spring-boot:3.4.12:run (default-cli) @ spring-boot-rest ---
[INFO] Attaching agents: []

  .   ____          _            __ _ _
 /\\ / ___'_ __ _ _(_)_ __  __ _ \ \ \ \
( ( )\___ | '_ | '_| | '_ \/ _` | \ \ \ \
 \\/  ___)| |_)| | | | | || (_| |  ) ) ) )
  '  |____| .__|_| |_|_| |_\__, | / / / /
 =========|_|==============|___/=/_/_/_/

 :: Spring Boot ::               (v3.4.12)

2026-01-06T22:38:41.933+05:30  INFO 25444 --- [spring-boot-rest] [           main] c.r.s.SpringBootRestApplication          : Starting SpringBootRestApplication using Java 22.0.1 with PID 25444 (C:\Users\Rohan Pathak\OneDrive\Desktop\GITPRACTICE\project\JobPortalFolder\Backend\spring-boot-rest\spring-boot-rest\target\classes started by Rohan Pathak in C:\Users\Rohan Pathak\OneDrive\Desktop\GITPRACTICE\project\JobPortalFolder\Backend\spring-boot-rest\spring-boot-rest)
2026-01-06T22:38:41.939+05:30  INFO 25444 --- [spring-boot-rest] [           main] c.r.s.SpringBootRestApplication          : No active profile set, falling back to 1 default profile: "default"
2026-01-06T22:38:42.928+05:30  INFO 25444 --- [spring-boot-rest] [           main] .s.d.r.c.RepositoryConfigurationDelegate : Bootstrapping Spring Data JPA repositories in DEFAULT mode.
2026-01-06T22:38:43.018+05:30  INFO 25444 --- [spring-boot-rest] [           main] .s.d.r.c.RepositoryConfigurationDelegate : Finished Spring Data repository scanning in 75 ms. Found 1 JPA repository interface.
2026-01-06T22:38:43.662+05:30  INFO 25444 --- [spring-boot-rest] [           main] o.s.b.w.embedded.tomcat.TomcatWebServer  : Tomcat initialized with port 8080 (http)
2026-01-06T22:38:43.681+05:30  INFO 25444 --- [spring-boot-rest] [           main] o.apache.catalina.core.StandardService   : Starting service [Tomcat]
2026-01-06T22:38:43.682+05:30  INFO 25444 --- [spring-boot-rest] [           main] o.apache.catalina.core.StandardEngine    : Starting Servlet engine: [Apache Tomcat/10.1.49]
2026-01-06T22:38:43.754+05:30  INFO 25444 --- [spring-boot-rest] [           main] o.a.c.c.C.[Tomcat].[localhost].[/]       : Initializing Spring embedded WebApplicationContext
2026-01-06T22:38:43.757+05:30  INFO 25444 --- [spring-boot-rest] [           main] w.s.c.ServletWebServerApplicationContext : Root WebApplicationContext: initialization completed in 1730 ms
2026-01-06T22:38:43.980+05:30  INFO 25444 --- [spring-boot-rest] [           main] o.hibernate.jpa.internal.util.LogHelper  : HHH000204: Processing PersistenceUnitInfo [name: default]
2026-01-06T22:38:44.048+05:30  INFO 25444 --- [spring-boot-rest] [           main] org.hibernate.Version                    : HHH000412: Hibernate ORM core version 6.6.36.Final
2026-01-06T22:38:44.090+05:30  INFO 25444 --- [spring-boot-rest] [           main] o.h.c.internal.RegionFactoryInitiator    : HHH000026: Second-level cache disabled
2026-01-06T22:38:44.468+05:30  INFO 25444 --- [spring-boot-rest] [           main] o.s.o.j.p.SpringPersistenceUnitInfo      : No LoadTimeWeaver setup: ignoring JPA class transformer
2026-01-06T22:38:44.513+05:30  INFO 25444 --- [spring-boot-rest] [           main] com.zaxxer.hikari.HikariDataSource       : HikariPool-1 - Starting...
2026-01-06T22:38:44.752+05:30  INFO 25444 --- [spring-boot-rest] [           main] com.zaxxer.hikari.pool.HikariPool        : HikariPool-1 - Added connection org.postgresql.jdbc.PgConnection@1f7e52d1
2026-01-06T22:38:44.756+05:30  INFO 25444 --- [spring-boot-rest] [           main] com.zaxxer.hikari.HikariDataSource       : HikariPool-1 - Start completed.
2026-01-06T22:38:44.839+05:30  INFO 25444 --- [spring-boot-rest] [           main] org.hibernate.orm.connections.pooling    : HHH10001005: Database info:
	Database JDBC URL [Connecting through datasource 'HikariDataSource (HikariPool-1)']
	Database driver: undefined/unknown
	Database version: 18.0
	Autocommit mode: undefined/unknown
	Isolation level: undefined/unknown
	Minimum pool size: undefined/unknown
	Maximum pool size: undefined/unknown
2026-01-06T22:38:46.004+05:30  INFO 25444 --- [spring-boot-rest] [           main] o.h.e.t.j.p.i.JtaPlatformInitiator       : HHH000489: No JTA platform available (set 'hibernate.transaction.jta.platform' to enable JTA platform integration)
2026-01-06T22:38:46.084+05:30  INFO 25444 --- [spring-boot-rest] [           main] j.LocalContainerEntityManagerFactoryBean : Initialized JPA EntityManagerFactory for persistence unit 'default'
2026-01-06T22:38:46.518+05:30  WARN 25444 --- [spring-boot-rest] [           main] JpaBaseConfiguration$JpaWebConfiguration : spring.jpa.open-in-view is enabled by default. Therefore, database queries may be performed during view rendering. Explicitly configure spring.jpa.open-in-view to disable this warning
2026-01-06T22:38:46.966+05:30  WARN 25444 --- [spring-boot-rest] [           main] ConfigServletWebServerApplicationContext : Exception encountered during context initialization - cancelling refresh attempt: org.springframework.context.ApplicationContextException: Failed to start bean 'webServerStartStop'
2026-01-06T22:38:46.968+05:30  INFO 25444 --- [spring-boot-rest] [           main] j.LocalContainerEntityManagerFactoryBean : Closing JPA EntityManagerFactory for persistence unit 'default'
2026-01-06T22:38:46.972+05:30  INFO 25444 --- [spring-boot-rest] [           main] com.zaxxer.hikari.HikariDataSource       : HikariPool-1 - Shutdown initiated...
2026-01-06T22:38:46.980+05:30  INFO 25444 --- [spring-boot-rest] [           main] com.zaxxer.hikari.HikariDataSource       : HikariPool-1 - Shutdown completed.
2026-01-06T22:38:46.999+05:30  INFO 25444 --- [spring-boot-rest] [           main] .s.b.a.l.ConditionEvaluationReportLogger : 

Error starting ApplicationContext. To display the condition evaluation report re-run your application with 'debug' enabled.
2026-01-06T22:38:47.023+05:30 ERROR 25444 --- [spring-boot-rest] [           main] o.s.b.d.LoggingFailureAnalysisReporter   : 

***************************
APPLICATION FAILED TO START
***************************

Description:

Web server failed to start. Port 8080 was already in use.

Action:

Identify and stop the process that's listening on port 8080 or configure this application to listen on another port.

[INFO] ------------------------------------------------------------------------
[INFO] BUILD FAILURE
[INFO] ------------------------------------------------------------------------
[INFO] Total time:  10.116 s
[INFO] Finished at: 2026-01-06T22:38:47+05:30
[INFO] ------------------------------------------------------------------------
[ERROR] Failed to execute goal org.springframework.boot:spring-boot-maven-plugin:3.4.12:run (default-cli) on project spring-boot-rest: Process terminated with exit code: 1 -> [Help 1]
[ERROR] 
[ERROR] To see the full stack trace of the errors, re-run Maven with the -e switch.
[ERROR] Re-run Maven using the -X switch to enable full debug logging.
[ERROR] 
[ERROR] For more information about the errors and possible solutions, please read the following articles:
[ERROR] [Help 1] http://cwiki.apache.org/confluence/display/MAVEN/MojoExecutionException
