[INFO] Scanning for projects...
[INFO] 
[INFO] ---------------------< com.rohan:spring-boot-rest >---------------------
[INFO] Building spring-boot-rest 0.0.1-SNAPSHOT
[INFO]   from pom.xml
[INFO] --------------------------------[ jar ]---------------------------------
[INFO] 
[INFO] >>> spring-boot:3.4.12:run (default-cli) > test-compile @ spring-boot-rest >>>
[INFO] 
[INFO] --- resources:3.3.1:resources (default-resources) @ spring-boot-rest ---
[INFO] Copying 1 resource from src\main\resources to target\classes
[INFO] Copying 0 resource from src\main\resources to target\classes
[INFO] 
[INFO] --- compiler:3.13.0:compile (default-compile) @ spring-boot-rest ---
[INFO] Nothing to compile - all classes are up to date.
[INFO] 
[INFO] --- resources:3.3.1:testResources (default-testResources) @ spring-boot-rest ---
[INFO] skip non existing resourceDirectory C:\Users\Rohan Pathak\OneDrive\Desktop\GITPRACTICE\project\JobPortalFolder\Backend\spring-boot-rest\spring-boot-rest\src\test\resources
[INFO] 
[INFO] --- compiler:3.13.0:testCompile (default-testCompile) @ spring-boot-rest ---
[INFO] Nothing to compile - all classes are up to date.
[INFO] 
[INFO] <<< spring-boot:3.4.12:run (default-cli) < test-compile @ spring-boot-rest <<<
[INFO] 
[INFO] 
[INFO] --- spring-boot:3.4.12:run (default-cli) @ spring-boot-rest ---
[INFO] Attaching agents: []

  .   ____          _            __ _ _
 /\\ / ___'_ __ _ _(_)_ __  __ _ \ \ \ \
( ( )\___ | '_ | '_| | '_ \/ _` | \ \ \ \
 \\/  ___)| |_)| | | | | || (_| |  ) ) ) )
  '  |____| .__|_| |_|_| |_\__, | / / / /
 =========|_|==============|___/=/_/_/_/

 :: Spring Boot ::               (v3.4.12)

2026-01-06T23:44:06.074+05:30  INFO 13124 --- [spring-boot-rest] [           main] c.r.s.SpringBootRestApplication          : Starting SpringBootRestApplication using Java 22.0.1 with PID 13124 (C:\Users\Rohan Pathak\OneDrive\Desktop\GITPRACTICE\project\JobPortalFolder\Backend\spring-boot-rest\spring-boot-rest\target\classes started by Rohan Pathak in C:\Users\Rohan Pathak\OneDrive\Desktop\GITPRACTICE\project\JobPortalFolder\Backend\spring-boot-rest\spring-boot-rest)
2026-01-06T23:44:06.079+05:30  INFO 13124 --- [spring-boot-rest] [           main] c.r.s.SpringBootRestApplication          : No active profile set, falling back to 1 default profile: "default"
2026-01-06T23:44:07.021+05:30  INFO 13124 --- [spring-boot-rest] [           main] .s.d.r.c.RepositoryConfigurationDelegate : Bootstrapping Spring Data JPA repositories in DEFAULT mode.
2026-01-06T23:44:07.101+05:30  INFO 13124 --- [spring-boot-rest] [           main] .s.d.r.c.RepositoryConfigurationDelegate : Finished Spring Data repository scanning in 67 ms. Found 1 JPA repository interface.
2026-01-06T23:44:07.780+05:30  INFO 13124 --- [spring-boot-rest] [           main] o.s.b.w.embedded.tomcat.TomcatWebServer  : Tomcat initialized with port 8081 (http)
2026-01-06T23:44:07.813+05:30  INFO 13124 --- [spring-boot-rest] [           main] o.apache.catalina.core.StandardService   : Starting service [Tomcat]
2026-01-06T23:44:07.814+05:30  INFO 13124 --- [spring-boot-rest] [           main] o.apache.catalina.core.StandardEngine    : Starting Servlet engine: [Apache Tomcat/10.1.49]
2026-01-06T23:44:07.946+05:30  INFO 13124 --- [spring-boot-rest] [           main] o.a.c.c.C.[Tomcat].[localhost].[/]       : Initializing Spring embedded WebApplicationContext
2026-01-06T23:44:07.949+05:30  INFO 13124 --- [spring-boot-rest] [           main] w.s.c.ServletWebServerApplicationContext : Root WebApplicationContext: initialization completed in 1795 ms
2026-01-06T23:44:08.271+05:30  INFO 13124 --- [spring-boot-rest] [           main] o.hibernate.jpa.internal.util.LogHelper  : HHH000204: Processing PersistenceUnitInfo [name: default]
2026-01-06T23:44:08.368+05:30  INFO 13124 --- [spring-boot-rest] [           main] org.hibernate.Version                    : HHH000412: Hibernate ORM core version 6.6.36.Final
2026-01-06T23:44:08.426+05:30  INFO 13124 --- [spring-boot-rest] [           main] o.h.c.internal.RegionFactoryInitiator    : HHH000026: Second-level cache disabled
2026-01-06T23:44:08.848+05:30  INFO 13124 --- [spring-boot-rest] [           main] o.s.o.j.p.SpringPersistenceUnitInfo      : No LoadTimeWeaver setup: ignoring JPA class transformer
2026-01-06T23:44:08.895+05:30  INFO 13124 --- [spring-boot-rest] [           main] com.zaxxer.hikari.HikariDataSource       : HikariPool-1 - Starting...
2026-01-06T23:44:09.158+05:30  INFO 13124 --- [spring-boot-rest] [           main] com.zaxxer.hikari.pool.HikariPool        : HikariPool-1 - Added connection org.postgresql.jdbc.PgConnection@3070f3e6
2026-01-06T23:44:09.161+05:30  INFO 13124 --- [spring-boot-rest] [           main] com.zaxxer.hikari.HikariDataSource       : HikariPool-1 - Start completed.
2026-01-06T23:44:09.292+05:30  INFO 13124 --- [spring-boot-rest] [           main] org.hibernate.orm.connections.pooling    : HHH10001005: Database info:
	Database JDBC URL [Connecting through datasource 'HikariDataSource (HikariPool-1)']
	Database driver: undefined/unknown
	Database version: 18.0
	Autocommit mode: undefined/unknown
	Isolation level: undefined/unknown
	Minimum pool size: undefined/unknown
	Maximum pool size: undefined/unknown
2026-01-06T23:44:10.989+05:30  INFO 13124 --- [spring-boot-rest] [           main] o.h.e.t.j.p.i.JtaPlatformInitiator       : HHH000489: No JTA platform available (set 'hibernate.transaction.jta.platform' to enable JTA platform integration)
2026-01-06T23:44:11.117+05:30  INFO 13124 --- [spring-boot-rest] [           main] j.LocalContainerEntityManagerFactoryBean : Initialized JPA EntityManagerFactory for persistence unit 'default'
2026-01-06T23:44:11.650+05:30  WARN 13124 --- [spring-boot-rest] [           main] JpaBaseConfiguration$JpaWebConfiguration : spring.jpa.open-in-view is enabled by default. Therefore, database queries may be performed during view rendering. Explicitly configure spring.jpa.open-in-view to disable this warning
2026-01-06T23:44:12.393+05:30  INFO 13124 --- [spring-boot-rest] [           main] o.s.b.w.embedded.tomcat.TomcatWebServer  : Tomcat started on port 8081 (http) with context path '/'
2026-01-06T23:44:12.407+05:30  INFO 13124 --- [spring-boot-rest] [           main] c.r.s.SpringBootRestApplication          : Started SpringBootRestApplication in 7.143 seconds (process running for 7.695)
2026-01-06T23:44:34.260+05:30  INFO 13124 --- [spring-boot-rest] [nio-8081-exec-1] o.a.c.c.C.[Tomcat].[localhost].[/]       : Initializing Spring DispatcherServlet 'dispatcherServlet'
2026-01-06T23:44:34.261+05:30  INFO 13124 --- [spring-boot-rest] [nio-8081-exec-1] o.s.web.servlet.DispatcherServlet        : Initializing Servlet 'dispatcherServlet'
2026-01-06T23:44:34.263+05:30  INFO 13124 --- [spring-boot-rest] [nio-8081-exec-1] o.s.web.servlet.DispatcherServlet        : Completed initialization in 1 ms
2026-01-06T23:44:34.403+05:30  WARN 13124 --- [spring-boot-rest] [nio-8081-exec-1] .w.s.m.s.DefaultHandlerExceptionResolver : Resolved [org.springframework.http.converter.HttpMessageNotReadableException: JSON parse error: Unexpected character ('\' (code 92)): was expecting double-quote to start field name]
Hibernate: select jp1_0.post_id,jp1_0.post_desc,jp1_0.post_profile,jp1_0.req_experience,pts1_0.job_post_post_id,pts1_0.post_tech_stack from job_post jp1_0 left join job_post_post_tech_stack pts1_0 on jp1_0.post_id=pts1_0.job_post_post_id where jp1_0.post_id=?
Hibernate: insert into job_post (post_desc,post_profile,req_experience,post_id) values (?,?,?,?)
Hibernate: insert into job_post_post_tech_stack (job_post_post_id,post_tech_stack) values (?,?)
Hibernate: insert into job_post_post_tech_stack (job_post_post_id,post_tech_stack) values (?,?)
Hibernate: select jp1_0.post_id,jp1_0.post_desc,jp1_0.post_profile,jp1_0.req_experience,pts1_0.job_post_post_id,pts1_0.post_tech_stack from job_post jp1_0 left join job_post_post_tech_stack pts1_0 on jp1_0.post_id=pts1_0.job_post_post_id where jp1_0.post_id=?
Hibernate: select jp1_0.post_id,jp1_0.post_desc,jp1_0.post_profile,jp1_0.req_experience,pts1_0.job_post_post_id,pts1_0.post_tech_stack from job_post jp1_0 left join job_post_post_tech_stack pts1_0 on jp1_0.post_id=pts1_0.job_post_post_id where jp1_0.post_id=?
Hibernate: select jp1_0.post_id,jp1_0.post_desc,jp1_0.post_profile,jp1_0.req_experience,pts1_0.job_post_post_id,pts1_0.post_tech_stack from job_post jp1_0 left join job_post_post_tech_stack pts1_0 on jp1_0.post_id=pts1_0.job_post_post_id where jp1_0.post_id=?
Hibernate: select jp1_0.post_id,jp1_0.post_desc,jp1_0.post_profile,jp1_0.req_experience,pts1_0.job_post_post_id,pts1_0.post_tech_stack from job_post jp1_0 left join job_post_post_tech_stack pts1_0 on jp1_0.post_id=pts1_0.job_post_post_id where jp1_0.post_id=?
Hibernate: select jp1_0.post_id,jp1_0.post_desc,jp1_0.post_profile,jp1_0.req_experience,pts1_0.job_post_post_id,pts1_0.post_tech_stack from job_post jp1_0 left join job_post_post_tech_stack pts1_0 on jp1_0.post_id=pts1_0.job_post_post_id where jp1_0.post_id=?
Hibernate: select jp1_0.post_id,jp1_0.post_desc,jp1_0.post_profile,jp1_0.req_experience,pts1_0.job_post_post_id,pts1_0.post_tech_stack from job_post jp1_0 left join job_post_post_tech_stack pts1_0 on jp1_0.post_id=pts1_0.job_post_post_id where jp1_0.post_id=?
Hibernate: insert into job_post_post_tech_stack (job_post_post_id,post_tech_stack) values (?,?)
Hibernate: insert into job_post_post_tech_stack (job_post_post_id,post_tech_stack) values (?,?)
Hibernate: insert into job_post_post_tech_stack (job_post_post_id,post_tech_stack) values (?,?)
Hibernate: insert into job_post_post_tech_stack (job_post_post_id,post_tech_stack) values (?,?)
Hibernate: insert into job_post_post_tech_stack (job_post_post_id,post_tech_stack) values (?,?)
Hibernate: insert into job_post_post_tech_stack (job_post_post_id,post_tech_stack) values (?,?)
Hibernate: insert into job_post_post_tech_stack (job_post_post_id,post_tech_stack) values (?,?)
Hibernate: insert into job_post_post_tech_stack (job_post_post_id,post_tech_stack) values (?,?)
Hibernate: insert into job_post_post_tech_stack (job_post_post_id,post_tech_stack) values (?,?)
Hibernate: insert into job_post_post_tech_stack (job_post_post_id,post_tech_stack) values (?,?)
Hibernate: insert into job_post_post_tech_stack (job_post_post_id,post_tech_stack) values (?,?)
Hibernate: insert into job_post_post_tech_stack (job_post_post_id,post_tech_stack) values (?,?)
Hibernate: insert into job_post_post_tech_stack (job_post_post_id,post_tech_stack) values (?,?)
Hibernate: insert into job_post_post_tech_stack (job_post_post_id,post_tech_stack) values (?,?)
Hibernate: insert into job_post_post_tech_stack (job_post_post_id,post_tech_stack) values (?,?)
Hibernate: insert into job_post_post_tech_stack (job_post_post_id,post_tech_stack) values (?,?)
Hibernate: insert into job_post_post_tech_stack (job_post_post_id,post_tech_stack) values (?,?)
Hibernate: insert into job_post_post_tech_stack (job_post_post_id,post_tech_stack) values (?,?)
Hibernate: select jp1_0.post_id,jp1_0.post_desc,jp1_0.post_profile,jp1_0.req_experience from job_post jp1_0
Hibernate: select pts1_0.job_post_post_id,pts1_0.post_tech_stack from job_post_post_tech_stack pts1_0 where pts1_0.job_post_post_id=?
Hibernate: select pts1_0.job_post_post_id,pts1_0.post_tech_stack from job_post_post_tech_stack pts1_0 where pts1_0.job_post_post_id=?
Hibernate: select pts1_0.job_post_post_id,pts1_0.post_tech_stack from job_post_post_tech_stack pts1_0 where pts1_0.job_post_post_id=?
Hibernate: select pts1_0.job_post_post_id,pts1_0.post_tech_stack from job_post_post_tech_stack pts1_0 where pts1_0.job_post_post_id=?
Hibernate: select pts1_0.job_post_post_id,pts1_0.post_tech_stack from job_post_post_tech_stack pts1_0 where pts1_0.job_post_post_id=?
Hibernate: select pts1_0.job_post_post_id,pts1_0.post_tech_stack from job_post_post_tech_stack pts1_0 where pts1_0.job_post_post_id=?
Hibernate: select pts1_0.job_post_post_id,pts1_0.post_tech_stack from job_post_post_tech_stack pts1_0 where pts1_0.job_post_post_id=?
Hibernate: select pts1_0.job_post_post_id,pts1_0.post_tech_stack from job_post_post_tech_stack pts1_0 where pts1_0.job_post_post_id=?
Hibernate: select pts1_0.job_post_post_id,pts1_0.post_tech_stack from job_post_post_tech_stack pts1_0 where pts1_0.job_post_post_id=?
Hibernate: select pts1_0.job_post_post_id,pts1_0.post_tech_stack from job_post_post_tech_stack pts1_0 where pts1_0.job_post_post_id=?
Hibernate: select pts1_0.job_post_post_id,pts1_0.post_tech_stack from job_post_post_tech_stack pts1_0 where pts1_0.job_post_post_id=?
Hibernate: select pts1_0.job_post_post_id,pts1_0.post_tech_stack from job_post_post_tech_stack pts1_0 where pts1_0.job_post_post_id=?
Hibernate: select pts1_0.job_post_post_id,pts1_0.post_tech_stack from job_post_post_tech_stack pts1_0 where pts1_0.job_post_post_id=?
Hibernate: select pts1_0.job_post_post_id,pts1_0.post_tech_stack from job_post_post_tech_stack pts1_0 where pts1_0.job_post_post_id=?
Hibernate: select pts1_0.job_post_post_id,pts1_0.post_tech_stack from job_post_post_tech_stack pts1_0 where pts1_0.job_post_post_id=?
Hibernate: select pts1_0.job_post_post_id,pts1_0.post_tech_stack from job_post_post_tech_stack pts1_0 where pts1_0.job_post_post_id=?
Hibernate: select jp1_0.post_id,jp1_0.post_desc,jp1_0.post_profile,jp1_0.req_experience,pts1_0.job_post_post_id,pts1_0.post_tech_stack from job_post jp1_0 left join job_post_post_tech_stack pts1_0 on jp1_0.post_id=pts1_0.job_post_post_id where jp1_0.post_id=?
Hibernate: update job_post set post_desc=?,post_profile=?,req_experience=? where post_id=?
Hibernate: delete from job_post_post_tech_stack where job_post_post_id=?
Hibernate: insert into job_post_post_tech_stack (job_post_post_id,post_tech_stack) values (?,?)
Hibernate: insert into job_post_post_tech_stack (job_post_post_id,post_tech_stack) values (?,?)
Hibernate: select jp1_0.post_id,jp1_0.post_desc,jp1_0.post_profile,jp1_0.req_experience,pts1_0.job_post_post_id,pts1_0.post_tech_stack from job_post jp1_0 left join job_post_post_tech_stack pts1_0 on jp1_0.post_id=pts1_0.job_post_post_id where jp1_0.post_id=?
[INFO] ------------------------------------------------------------------------
[INFO] BUILD FAILURE
[INFO] ------------------------------------------------------------------------
[INFO] Total time:  03:25 min
[INFO] Finished at: 2026-01-06T23:47:24+05:30
[INFO] ------------------------------------------------------------------------
[ERROR] Failed to execute goal org.springframework.boot:spring-boot-maven-plugin:3.4.12:run (default-cli) on project spring-boot-rest: Process terminated with exit code: 1 -> [Help 1]
[ERROR] 
[ERROR] To see the full stack trace of the errors, re-run Maven with the -e switch.
[ERROR] Re-run Maven using the -X switch to enable full debug logging.
[ERROR] 
[ERROR] For more information about the errors and possible solutions, please read the following articles:
[ERROR] [Help 1] http://cwiki.apache.org/confluence/display/MAVEN/MojoExecutionException
