[INFO] Scanning for projects...
[INFO] 
[INFO] ---------------------< com.rohan:spring-boot-rest >---------------------
[INFO] Building spring-boot-rest 0.0.1-SNAPSHOT
[INFO]   from pom.xml
[INFO] --------------------------------[ jar ]---------------------------------
[INFO] 
[INFO] >>> spring-boot:3.4.12:run (default-cli) > test-compile @ spring-boot-rest >>>
[INFO] 
[INFO] --- resources:3.3.1:resources (default-resources) @ spring-boot-rest ---
[INFO] Copying 1 resource from src\main\resources to target\classes
[INFO] Copying 0 resource from src\main\resources to target\classes
[INFO] 
[INFO] --- compiler:3.13.0:compile (default-compile) @ spring-boot-rest ---
[INFO] Recompiling the module because of changed source code.
[INFO] Compiling 5 source files with javac [debug parameters release 21] to target\classes
[INFO] 
[INFO] --- resources:3.3.1:testResources (default-testResources) @ spring-boot-rest ---
[INFO] skip non existing resourceDirectory C:\Users\Rohan Pathak\OneDrive\Desktop\GITPRACTICE\project\JobPortalFolder\Backend\spring-boot-rest\spring-boot-rest\src\test\resources
[INFO] 
[INFO] --- compiler:3.13.0:testCompile (default-testCompile) @ spring-boot-rest ---
[INFO] Recompiling the module because of changed dependency.
[INFO] Compiling 1 source file with javac [debug parameters release 21] to target\test-classes
[INFO] 
[INFO] <<< spring-boot:3.4.12:run (default-cli) < test-compile @ spring-boot-rest <<<
[INFO] 
[INFO] 
[INFO] --- spring-boot:3.4.12:run (default-cli) @ spring-boot-rest ---
[INFO] Attaching agents: []

  .   ____          _            __ _ _
 /\\ / ___'_ __ _ _(_)_ __  __ _ \ \ \ \
( ( )\___ | '_ | '_| | '_ \/ _` | \ \ \ \
 \\/  ___)| |_)| | | | | || (_| |  ) ) ) )
  '  |____| .__|_| |_|_| |_\__, | / / / /
 =========|_|==============|___/=/_/_/_/

 :: Spring Boot ::               (v3.4.12)

2026-01-06T22:39:44.014+05:30  INFO 21488 --- [spring-boot-rest] [           main] c.r.s.SpringBootRestApplication          : Starting SpringBootRestApplication using Java 22.0.1 with PID 21488 (C:\Users\Rohan Pathak\OneDrive\Desktop\GITPRACTICE\project\JobPortalFolder\Backend\spring-boot-rest\spring-boot-rest\target\classes started by Rohan Pathak in C:\Users\Rohan Pathak\OneDrive\Desktop\GITPRACTICE\project\JobPortalFolder\Backend\spring-boot-rest\spring-boot-rest)
2026-01-06T22:39:44.018+05:30  INFO 21488 --- [spring-boot-rest] [           main] c.r.s.SpringBootRestApplication          : No active profile set, falling back to 1 default profile: "default"
2026-01-06T22:39:44.941+05:30  INFO 21488 --- [spring-boot-rest] [           main] .s.d.r.c.RepositoryConfigurationDelegate : Bootstrapping Spring Data JPA repositories in DEFAULT mode.
2026-01-06T22:39:45.027+05:30  INFO 21488 --- [spring-boot-rest] [           main] .s.d.r.c.RepositoryConfigurationDelegate : Finished Spring Data repository scanning in 73 ms. Found 1 JPA repository interface.
2026-01-06T22:39:45.703+05:30  INFO 21488 --- [spring-boot-rest] [           main] o.s.b.w.embedded.tomcat.TomcatWebServer  : Tomcat initialized with port 8081 (http)
2026-01-06T22:39:45.723+05:30  INFO 21488 --- [spring-boot-rest] [           main] o.apache.catalina.core.StandardService   : Starting service [Tomcat]
2026-01-06T22:39:45.724+05:30  INFO 21488 --- [spring-boot-rest] [           main] o.apache.catalina.core.StandardEngine    : Starting Servlet engine: [Apache Tomcat/10.1.49]
2026-01-06T22:39:45.807+05:30  INFO 21488 --- [spring-boot-rest] [           main] o.a.c.c.C.[Tomcat].[localhost].[/]       : Initializing Spring embedded WebApplicationContext
2026-01-06T22:39:45.808+05:30  INFO 21488 --- [spring-boot-rest] [           main] w.s.c.ServletWebServerApplicationContext : Root WebApplicationContext: initialization completed in 1719 ms
2026-01-06T22:39:46.048+05:30  INFO 21488 --- [spring-boot-rest] [           main] o.hibernate.jpa.internal.util.LogHelper  : HHH000204: Processing PersistenceUnitInfo [name: default]
2026-01-06T22:39:46.130+05:30  INFO 21488 --- [spring-boot-rest] [           main] org.hibernate.Version                    : HHH000412: Hibernate ORM core version 6.6.36.Final
2026-01-06T22:39:46.194+05:30  INFO 21488 --- [spring-boot-rest] [           main] o.h.c.internal.RegionFactoryInitiator    : HHH000026: Second-level cache disabled
2026-01-06T22:39:46.659+05:30  INFO 21488 --- [spring-boot-rest] [           main] o.s.o.j.p.SpringPersistenceUnitInfo      : No LoadTimeWeaver setup: ignoring JPA class transformer
2026-01-06T22:39:46.706+05:30  INFO 21488 --- [spring-boot-rest] [           main] com.zaxxer.hikari.HikariDataSource       : HikariPool-1 - Starting...
2026-01-06T22:39:46.972+05:30  INFO 21488 --- [spring-boot-rest] [           main] com.zaxxer.hikari.pool.HikariPool        : HikariPool-1 - Added connection org.postgresql.jdbc.PgConnection@72224107
2026-01-06T22:39:46.976+05:30  INFO 21488 --- [spring-boot-rest] [           main] com.zaxxer.hikari.HikariDataSource       : HikariPool-1 - Start completed.
2026-01-06T22:39:47.070+05:30  INFO 21488 --- [spring-boot-rest] [           main] org.hibernate.orm.connections.pooling    : HHH10001005: Database info:
	Database JDBC URL [Connecting through datasource 'HikariDataSource (HikariPool-1)']
	Database driver: undefined/unknown
	Database version: 18.0
	Autocommit mode: undefined/unknown
	Isolation level: undefined/unknown
	Minimum pool size: undefined/unknown
	Maximum pool size: undefined/unknown
2026-01-06T22:39:48.476+05:30  INFO 21488 --- [spring-boot-rest] [           main] o.h.e.t.j.p.i.JtaPlatformInitiator       : HHH000489: No JTA platform available (set 'hibernate.transaction.jta.platform' to enable JTA platform integration)
Hibernate: create table job_post_post_tech_stack (job_post_post_id integer not null, post_tech_stack varchar(255))
Hibernate: alter table if exists job_post_post_tech_stack add constraint FKowsxoi2yxj5rgi550qq1skvd4 foreign key (job_post_post_id) references job_post
2026-01-06T22:39:48.611+05:30  INFO 21488 --- [spring-boot-rest] [           main] j.LocalContainerEntityManagerFactoryBean : Initialized JPA EntityManagerFactory for persistence unit 'default'
2026-01-06T22:39:49.090+05:30  WARN 21488 --- [spring-boot-rest] [           main] JpaBaseConfiguration$JpaWebConfiguration : spring.jpa.open-in-view is enabled by default. Therefore, database queries may be performed during view rendering. Explicitly configure spring.jpa.open-in-view to disable this warning
2026-01-06T22:39:49.558+05:30  INFO 21488 --- [spring-boot-rest] [           main] o.s.b.w.embedded.tomcat.TomcatWebServer  : Tomcat started on port 8081 (http) with context path '/'
2026-01-06T22:39:49.570+05:30  INFO 21488 --- [spring-boot-rest] [           main] c.r.s.SpringBootRestApplication          : Started SpringBootRestApplication in 6.282 seconds (process running for 6.758)
[INFO] ------------------------------------------------------------------------
[INFO] BUILD FAILURE
[INFO] ------------------------------------------------------------------------
[INFO] Total time:  05:35 min
[INFO] Finished at: 2026-01-06T22:45:09+05:30
[INFO] ------------------------------------------------------------------------
[ERROR] Failed to execute goal org.springframework.boot:spring-boot-maven-plugin:3.4.12:run (default-cli) on project spring-boot-rest: Process terminated with exit code: 1 -> [Help 1]
[ERROR] 
[ERROR] To see the full stack trace of the errors, re-run Maven with the -e switch.
[ERROR] Re-run Maven using the -X switch to enable full debug logging.
[ERROR] 
[ERROR] For more information about the errors and possible solutions, please read the following articles:
[ERROR] [Help 1] http://cwiki.apache.org/confluence/display/MAVEN/MojoExecutionException
